-------------------------------------------------------------------------------
Test set: runners.TestRunner
-------------------------------------------------------------------------------
Tests run: 4, Failures: 0, Errors: 3, Skipped: 0, Time elapsed: 7.210 s <<< FAILURE! -- in runners.TestRunner
Autenticación de usuarios.Validación de inicio de sesión #2 -- Time elapsed: 0.017 s <<< ERROR!
org.openqa.selenium.NoSuchSessionException: 
Session ID is null. Using WebDriver after calling quit()?
Build info: version: '4.35.0', revision: '1c58e5028b'
System info: os.name: 'Windows 10', os.arch: 'amd64', os.version: '10.0', java.version: '21.0.8'
Driver info: org.openqa.selenium.edge.EdgeDriver
Command: [null, get {url=https://opensource-demo.orangehrmlive.com/web/index.php/auth/login}]
Capabilities {acceptInsecureCerts: false, browserName: MicrosoftEdge, browserVersion: 140.0.3485.81, fedcm:accounts: true, ms:edgeOptions: {debuggerAddress: localhost:56378}, msedge: {msedgedriverVersion: 140.0.3485.81 (5f3674d4b466..., userDataDir: C:\Users\seba\AppData\Local...}, networkConnectionEnabled: false, pageLoadStrategy: normal, platformName: windows, proxy: Proxy(), se:cdp: ws://localhost:56378/devtoo..., se:cdpVersion: 140.0.3485.81, setWindowRect: true, strictFileInteractability: false, timeouts: {implicit: 0, pageLoad: 300000, script: 30000}, unhandledPromptBehavior: dismiss and notify, webauthn:extension:credBlob: true, webauthn:extension:largeBlob: true, webauthn:extension:minPinLength: true, webauthn:extension:prf: true, webauthn:virtualAuthenticators: true}
	at org.openqa.selenium.remote.HttpCommandExecutor.execute(HttpCommandExecutor.java:176)
	at org.openqa.selenium.remote.service.DriverCommandExecutor.invokeExecute(DriverCommandExecutor.java:216)
	at org.openqa.selenium.remote.service.DriverCommandExecutor.execute(DriverCommandExecutor.java:174)
	at org.openqa.selenium.remote.RemoteWebDriver.execute(RemoteWebDriver.java:557)
	at org.openqa.selenium.remote.RemoteWebDriver.get(RemoteWebDriver.java:325)
	at steps.Hooks.setUp(Hooks.java:15)

Autenticación de usuarios.Validación de inicio de sesión #3 -- Time elapsed: 0.006 s <<< ERROR!
org.openqa.selenium.NoSuchSessionException: 
Session ID is null. Using WebDriver after calling quit()?
Build info: version: '4.35.0', revision: '1c58e5028b'
System info: os.name: 'Windows 10', os.arch: 'amd64', os.version: '10.0', java.version: '21.0.8'
Driver info: org.openqa.selenium.edge.EdgeDriver
Command: [null, get {url=https://opensource-demo.orangehrmlive.com/web/index.php/auth/login}]
Capabilities {acceptInsecureCerts: false, browserName: MicrosoftEdge, browserVersion: 140.0.3485.81, fedcm:accounts: true, ms:edgeOptions: {debuggerAddress: localhost:56378}, msedge: {msedgedriverVersion: 140.0.3485.81 (5f3674d4b466..., userDataDir: C:\Users\seba\AppData\Local...}, networkConnectionEnabled: false, pageLoadStrategy: normal, platformName: windows, proxy: Proxy(), se:cdp: ws://localhost:56378/devtoo..., se:cdpVersion: 140.0.3485.81, setWindowRect: true, strictFileInteractability: false, timeouts: {implicit: 0, pageLoad: 300000, script: 30000}, unhandledPromptBehavior: dismiss and notify, webauthn:extension:credBlob: true, webauthn:extension:largeBlob: true, webauthn:extension:minPinLength: true, webauthn:extension:prf: true, webauthn:virtualAuthenticators: true}
	at org.openqa.selenium.remote.HttpCommandExecutor.execute(HttpCommandExecutor.java:176)
	at org.openqa.selenium.remote.service.DriverCommandExecutor.invokeExecute(DriverCommandExecutor.java:216)
	at org.openqa.selenium.remote.service.DriverCommandExecutor.execute(DriverCommandExecutor.java:174)
	at org.openqa.selenium.remote.RemoteWebDriver.execute(RemoteWebDriver.java:557)
	at org.openqa.selenium.remote.RemoteWebDriver.get(RemoteWebDriver.java:325)
	at steps.Hooks.setUp(Hooks.java:15)

Autenticación de usuarios.Validación de inicio de sesión #4 -- Time elapsed: 0.009 s <<< ERROR!
org.openqa.selenium.NoSuchSessionException: 
Session ID is null. Using WebDriver after calling quit()?
Build info: version: '4.35.0', revision: '1c58e5028b'
System info: os.name: 'Windows 10', os.arch: 'amd64', os.version: '10.0', java.version: '21.0.8'
Driver info: org.openqa.selenium.edge.EdgeDriver
Command: [null, get {url=https://opensource-demo.orangehrmlive.com/web/index.php/auth/login}]
Capabilities {acceptInsecureCerts: false, browserName: MicrosoftEdge, browserVersion: 140.0.3485.81, fedcm:accounts: true, ms:edgeOptions: {debuggerAddress: localhost:56378}, msedge: {msedgedriverVersion: 140.0.3485.81 (5f3674d4b466..., userDataDir: C:\Users\seba\AppData\Local...}, networkConnectionEnabled: false, pageLoadStrategy: normal, platformName: windows, proxy: Proxy(), se:cdp: ws://localhost:56378/devtoo..., se:cdpVersion: 140.0.3485.81, setWindowRect: true, strictFileInteractability: false, timeouts: {implicit: 0, pageLoad: 300000, script: 30000}, unhandledPromptBehavior: dismiss and notify, webauthn:extension:credBlob: true, webauthn:extension:largeBlob: true, webauthn:extension:minPinLength: true, webauthn:extension:prf: true, webauthn:virtualAuthenticators: true}
	at org.openqa.selenium.remote.HttpCommandExecutor.execute(HttpCommandExecutor.java:176)
	at org.openqa.selenium.remote.service.DriverCommandExecutor.invokeExecute(DriverCommandExecutor.java:216)
	at org.openqa.selenium.remote.service.DriverCommandExecutor.execute(DriverCommandExecutor.java:174)
	at org.openqa.selenium.remote.RemoteWebDriver.execute(RemoteWebDriver.java:557)
	at org.openqa.selenium.remote.RemoteWebDriver.get(RemoteWebDriver.java:325)
	at steps.Hooks.setUp(Hooks.java:15)

